<?xml version="1.0" encoding="UTF-8"?>
<!-- Generated by org.testng.reporters.JUnitReportReporter -->
<testsuite hostname="IQZNGLLT018" failures="0" tests="1" name="testCases.TC_002_Verify_Terms_Link" time="5.195" errors="0" timestamp="2024-12-19T11:12:29 IST" skipped="0">
  <testcase classname="testCases.TC_002_Verify_Terms_Link" name="verify_terms" time="5.195"/>
  <system-out/>
</testsuite> <!-- testCases.TC_002_Verify_Terms_Link -->
